<?xml version="1.0" encoding="UTF-8"?>
<testng-results skipped="0" failed="0" ignored="0" total="1" passed="1">
  <reporter-output>
  </reporter-output>
  <suite name="Default suite" duration-ms="111483" started-at="2017-07-10T15:06:54Z" finished-at="2017-07-10T15:08:46Z">
    <groups>
    </groups>
    <test name="Default test" duration-ms="111483" started-at="2017-07-10T15:06:54Z" finished-at="2017-07-10T15:08:46Z">
      <class name="com.accenture.automatizacion.testing.test_calculadora">
        <test-method status="PASS" signature="setUpAppium()[pri:0, instance:com.accenture.automatizacion.testing.test_calculadora@148080bb]" name="setUpAppium" is-config="true" duration-ms="25249" started-at="2017-07-10T10:06:54Z" finished-at="2017-07-10T10:07:20Z">
          <reporter-output>
          </reporter-output>
        </test-method> <!-- setUpAppium -->
        <test-method status="PASS" signature="mytest()[pri:0, instance:com.accenture.automatizacion.testing.test_calculadora@148080bb]" name="mytest" duration-ms="82229" started-at="2017-07-10T10:07:20Z" finished-at="2017-07-10T10:08:42Z">
          <reporter-output>
          </reporter-output>
        </test-method> <!-- mytest -->
        <test-method status="PASS" signature="CleanUpAppium()[pri:0, instance:com.accenture.automatizacion.testing.test_calculadora@148080bb]" name="CleanUpAppium" is-config="true" duration-ms="3960" started-at="2017-07-10T10:08:42Z" finished-at="2017-07-10T10:08:46Z">
          <reporter-output>
          </reporter-output>
        </test-method> <!-- CleanUpAppium -->
      </class> <!-- com.accenture.automatizacion.testing.test_calculadora -->
    </test> <!-- Default test -->
  </suite> <!-- Default suite -->
</testng-results>
